
2020-10-12 06:23:29 INFO monitor.py starting up
2020-10-12 06:23:29 INFO 

	Copyright (c) 2016, 2017, 2018, 2019
	The Regents of the K0USY Group. All rights reserved.

	Python 3 port:
	2019 Steve Miller, KC1AWV <smiller@kc1awv.net>

	Version by:	 SP2ONG 2019-2020


2020-10-12 06:23:31 INFO ID ALIAS MAPPER: 'peer_ids.json' successfully downloaded
2020-10-12 06:23:38 INFO ID ALIAS MAPPER: 'subscriber_ids.json' successfully downloaded
2020-10-12 06:23:39 INFO ID ALIAS MAPPER: peer_ids dictionary is available
2020-10-12 06:23:40 INFO ID ALIAS MAPPER: subscriber_ids dictionary is available
2020-10-12 06:23:40 INFO ID ALIAS MAPPER: talkgroup_ids dictionary is available
2020-10-12 06:23:40 INFO ID ALIAS MAPPER: local_subscriber_ids added to subscriber_ids dictionary
2020-10-12 06:23:40 INFO ID ALIAS MAPPER: local_peer_ids added peer_ids dictionary
2020-10-12 06:23:41 INFO reportClient object for connecting to HBlink.py created at: <__main__.reportClientFactory object at 0xb646d98c>
2020-10-12 06:23:41 INFO Initiating Connection to Server.
2020-10-12 06:23:41 INFO Connection failed. Reason: [Failure instance: Traceback (failure with no frames): <class 'twisted.internet.error.ConnectionRefusedError'>: Connection was refused by other side: 111: Connection refused.
]
2020-10-12 06:23:44 INFO Initiating Connection to Server.
2020-10-12 06:23:44 INFO Connection failed. Reason: [Failure instance: Traceback (failure with no frames): <class 'twisted.internet.error.ConnectionRefusedError'>: Connection was refused by other side: 111: Connection refused.
]
2020-10-12 06:23:51 INFO Initiating Connection to Server.
2020-10-12 06:23:51 INFO Connection failed. Reason: [Failure instance: Traceback (failure with no frames): <class 'twisted.internet.error.ConnectionRefusedError'>: Connection was refused by other side: 111: Connection refused.
]
2020-10-12 06:24:08 INFO Initiating Connection to Server.
2020-10-12 06:24:08 INFO Connection failed. Reason: [Failure instance: Traceback (failure with no frames): <class 'twisted.internet.error.ConnectionRefusedError'>: Connection was refused by other side: 111: Connection refused.
]
2020-10-12 06:24:58 INFO Initiating Connection to Server.
2020-10-12 06:24:58 INFO Connection failed. Reason: [Failure instance: Traceback (failure with no frames): <class 'twisted.internet.error.ConnectionRefusedError'>: Connection was refused by other side: 111: Connection refused.
]
2020-10-12 06:26:51 INFO Initiating Connection to Server.
2020-10-12 06:26:51 INFO Connection failed. Reason: [Failure instance: Traceback (failure with no frames): <class 'twisted.internet.error.ConnectionRefusedError'>: Connection was refused by other side: 111: Connection refused.
]
2020-10-12 06:31:47 INFO Initiating Connection to Server.
2020-10-12 06:31:47 INFO Connection failed. Reason: [Failure instance: Traceback (failure with no frames): <class 'twisted.internet.error.ConnectionRefusedError'>: Connection was refused by other side: 111: Connection refused.
]
2020-10-12 06:43:48 INFO Initiating Connection to Server.
2020-10-12 06:43:48 INFO Connection failed. Reason: [Failure instance: Traceback (failure with no frames): <class 'twisted.internet.error.ConnectionRefusedError'>: Connection was refused by other side: 111: Connection refused.
]
2020-10-12 07:18:54 INFO Initiating Connection to Server.
2020-10-12 07:18:54 INFO Connection failed. Reason: [Failure instance: Traceback (failure with no frames): <class 'twisted.internet.error.ConnectionRefusedError'>: Connection was refused by other side: 111: Connection refused.
]
2020-10-12 08:13:08 INFO Initiating Connection to Server.
2020-10-12 08:13:08 INFO Connection failed. Reason: [Failure instance: Traceback (failure with no frames): <class 'twisted.internet.error.ConnectionRefusedError'>: Connection was refused by other side: 111: Connection refused.
]
2020-10-12 09:16:19 INFO Initiating Connection to Server.
2020-10-12 09:16:19 INFO Connected.
2020-10-12 09:16:19 INFO Resetting reconnection delay
2020-10-12 09:21:07 INFO BRIDGE EVENT: 'GROUP VOICE,START,RX,HBLinkBgPeer,1843068928,284014270,2840338,1,12'
2020-10-12 09:21:09 INFO BRIDGE EVENT: 'GROUP VOICE,END,RX,HBLinkBgPeer,1843068928,284014270,2840338,1,12,2.52'
2020-10-12 09:33:26 INFO BRIDGE EVENT: 'GROUP VOICE,START,RX,HBLinkBgPeer,2673934336,284014270,2840338,1,12'
2020-10-12 09:33:28 INFO BRIDGE EVENT: 'GROUP VOICE,END,RX,HBLinkBgPeer,2673934336,284014270,2840338,1,12,2.54'
2020-10-12 09:36:30 INFO BRIDGE EVENT: 'GROUP VOICE,START,RX,HBLinkBgPeer,2129657856,284014270,2840338,1,12'
2020-10-12 09:36:33 INFO BRIDGE EVENT: 'GROUP VOICE,END,RX,HBLinkBgPeer,2129657856,284014270,2840338,1,12,2.52'
2020-10-12 09:59:25 INFO BRIDGE EVENT: 'GROUP VOICE,START,RX,XLX359B,4255318016,0,2840405,2,9'
2020-10-12 09:59:25 INFO BRIDGE EVENT: 'GROUP VOICE,START,TX,LOCAL-Simplex,4255318016,0,2840405,2,15359'
2020-10-12 09:59:25 INFO BRIDGE EVENT: 'GROUP VOICE,START,TX,LOCAL-Duplex,4255318016,0,2840405,1,15359'
2020-10-12 09:59:26 INFO BRIDGE EVENT: 'GROUP VOICE,END,TX,LOCAL-Simplex,4255318016,0,2840405,2,15359,0.52'
2020-10-12 09:59:26 INFO BRIDGE EVENT: 'GROUP VOICE,END,TX,LOCAL-Duplex,4255318016,0,2840405,1,15359,0.52'
2020-10-12 09:59:26 INFO BRIDGE EVENT: 'GROUP VOICE,END,RX,XLX359B,4255318016,0,2840405,2,9,0.52'
2020-10-12 10:00:23 INFO BRIDGE EVENT: 'GROUP VOICE,START,RX,XLX359B,332464128,0,2840405,2,9'
2020-10-12 10:00:23 INFO BRIDGE EVENT: 'GROUP VOICE,START,TX,LOCAL-Simplex,332464128,0,2840405,2,15359'
2020-10-12 10:00:23 INFO BRIDGE EVENT: 'GROUP VOICE,START,TX,LOCAL-Duplex,332464128,0,2840405,1,15359'
2020-10-12 10:00:27 INFO BRIDGE EVENT: 'GROUP VOICE,END,TX,LOCAL-Simplex,332464128,0,2840405,2,15359,4.05'
2020-10-12 10:00:27 INFO BRIDGE EVENT: 'GROUP VOICE,END,TX,LOCAL-Duplex,332464128,0,2840405,1,15359,4.05'
2020-10-12 10:00:27 INFO BRIDGE EVENT: 'GROUP VOICE,END,RX,XLX359B,332464128,0,2840405,2,9,4.05'
2020-10-12 10:00:31 INFO BRIDGE EVENT: 'GROUP VOICE,START,RX,HBLinkBgPeer,323682304,284014270,2840338,1,12'
2020-10-12 10:00:33 INFO BRIDGE EVENT: 'GROUP VOICE,END,RX,HBLinkBgPeer,323682304,284014270,2840338,1,12,2.48'
2020-10-12 10:01:18 INFO BRIDGE EVENT: 'GROUP VOICE,START,RX,XLX359B,500695040,0,2840405,2,9'
2020-10-12 10:01:18 INFO BRIDGE EVENT: 'GROUP VOICE,START,TX,LOCAL-Simplex,500695040,0,2840405,2,15359'
2020-10-12 10:01:18 INFO BRIDGE EVENT: 'GROUP VOICE,START,TX,LOCAL-Duplex,500695040,0,2840405,1,15359'
2020-10-12 10:01:23 INFO BRIDGE EVENT: 'GROUP VOICE,END,TX,LOCAL-Simplex,500695040,0,2840405,2,15359,4.76'
2020-10-12 10:01:23 INFO BRIDGE EVENT: 'GROUP VOICE,END,TX,LOCAL-Duplex,500695040,0,2840405,1,15359,4.76'
2020-10-12 10:01:23 INFO BRIDGE EVENT: 'GROUP VOICE,END,RX,XLX359B,500695040,0,2840405,2,9,4.76'
2020-10-12 10:01:48 INFO BRIDGE EVENT: 'GROUP VOICE,START,RX,XLX359B,3313631232,0,2840235,2,9'
2020-10-12 10:01:48 INFO BRIDGE EVENT: 'GROUP VOICE,START,TX,LOCAL-Simplex,3313631232,0,2840235,2,15359'
2020-10-12 10:01:48 INFO BRIDGE EVENT: 'GROUP VOICE,START,TX,LOCAL-Duplex,3313631232,0,2840235,1,15359'
2020-10-12 10:01:52 INFO BRIDGE EVENT: 'GROUP VOICE,END,TX,LOCAL-Simplex,3313631232,0,2840235,2,15359,3.88'
2020-10-12 10:01:52 INFO BRIDGE EVENT: 'GROUP VOICE,END,TX,LOCAL-Duplex,3313631232,0,2840235,1,15359,3.88'
2020-10-12 10:01:52 INFO BRIDGE EVENT: 'GROUP VOICE,END,RX,XLX359B,3313631232,0,2840235,2,9,3.88'
2020-10-12 10:01:58 INFO BRIDGE EVENT: 'GROUP VOICE,START,RX,XLX359B,4170776576,0,2840405,2,9'
2020-10-12 10:01:58 INFO BRIDGE EVENT: 'GROUP VOICE,START,TX,LOCAL-Simplex,4170776576,0,2840405,2,15359'
2020-10-12 10:01:58 INFO BRIDGE EVENT: 'GROUP VOICE,START,TX,LOCAL-Duplex,4170776576,0,2840405,1,15359'
2020-10-12 10:02:04 INFO BRIDGE EVENT: 'GROUP VOICE,END,TX,LOCAL-Simplex,4170776576,0,2840405,2,15359,5.92'
2020-10-12 10:02:04 INFO BRIDGE EVENT: 'GROUP VOICE,END,TX,LOCAL-Duplex,4170776576,0,2840405,1,15359,5.92'
2020-10-12 10:02:04 INFO BRIDGE EVENT: 'GROUP VOICE,END,RX,XLX359B,4170776576,0,2840405,2,9,5.92'
2020-10-12 10:02:07 INFO BRIDGE EVENT: 'GROUP VOICE,START,RX,XLX359B,4011327488,0,2840235,2,9'
2020-10-12 10:02:07 INFO BRIDGE EVENT: 'GROUP VOICE,START,TX,LOCAL-Simplex,4011327488,0,2840235,2,15359'
2020-10-12 10:02:07 INFO BRIDGE EVENT: 'GROUP VOICE,START,TX,LOCAL-Duplex,4011327488,0,2840235,1,15359'
2020-10-12 10:02:12 INFO BRIDGE EVENT: 'GROUP VOICE,END,TX,LOCAL-Simplex,4011327488,0,2840235,2,15359,5.68'
2020-10-12 10:02:12 INFO BRIDGE EVENT: 'GROUP VOICE,END,TX,LOCAL-Duplex,4011327488,0,2840235,1,15359,5.68'
2020-10-12 10:02:12 INFO BRIDGE EVENT: 'GROUP VOICE,END,RX,XLX359B,4011327488,0,2840235,2,9,5.68'
2020-10-12 10:02:18 INFO BRIDGE EVENT: 'GROUP VOICE,START,RX,XLX359B,125501440,0,2840405,2,9'
2020-10-12 10:02:18 INFO BRIDGE EVENT: 'GROUP VOICE,START,TX,LOCAL-Simplex,125501440,0,2840405,2,15359'
2020-10-12 10:02:18 INFO BRIDGE EVENT: 'GROUP VOICE,START,TX,LOCAL-Duplex,125501440,0,2840405,1,15359'
2020-10-12 10:02:19 INFO BRIDGE EVENT: 'GROUP VOICE,END,TX,LOCAL-Simplex,125501440,0,2840405,2,15359,1.26'
2020-10-12 10:02:19 INFO BRIDGE EVENT: 'GROUP VOICE,END,TX,LOCAL-Duplex,125501440,0,2840405,1,15359,1.26'
2020-10-12 10:02:19 INFO BRIDGE EVENT: 'GROUP VOICE,END,RX,XLX359B,125501440,0,2840405,2,9,1.26'
2020-10-12 10:03:01 INFO BRIDGE EVENT: 'GROUP VOICE,START,RX,XLX359B,1928527872,0,2840235,2,9'
2020-10-12 10:03:01 INFO BRIDGE EVENT: 'GROUP VOICE,START,TX,LOCAL-Simplex,1928527872,0,2840235,2,15359'
2020-10-12 10:03:01 INFO BRIDGE EVENT: 'GROUP VOICE,START,TX,LOCAL-Duplex,1928527872,0,2840235,1,15359'
2020-10-12 10:03:05 INFO BRIDGE EVENT: 'GROUP VOICE,END,TX,LOCAL-Simplex,1928527872,0,2840235,2,15359,4.04'
2020-10-12 10:03:05 INFO BRIDGE EVENT: 'GROUP VOICE,END,TX,LOCAL-Duplex,1928527872,0,2840235,1,15359,4.04'
2020-10-12 10:03:05 INFO BRIDGE EVENT: 'GROUP VOICE,END,RX,XLX359B,1928527872,0,2840235,2,9,4.04'
2020-10-12 10:03:17 INFO BRIDGE EVENT: 'GROUP VOICE,START,RX,XLX359B,1208942592,0,2840405,2,9'
2020-10-12 10:03:17 INFO BRIDGE EVENT: 'GROUP VOICE,START,TX,LOCAL-Simplex,1208942592,0,2840405,2,15359'
2020-10-12 10:03:17 INFO BRIDGE EVENT: 'GROUP VOICE,START,TX,LOCAL-Duplex,1208942592,0,2840405,1,15359'
2020-10-12 10:03:20 INFO BRIDGE EVENT: 'GROUP VOICE,END,TX,LOCAL-Simplex,1208942592,0,2840405,2,15359,2.82'
2020-10-12 10:03:20 INFO BRIDGE EVENT: 'GROUP VOICE,END,TX,LOCAL-Duplex,1208942592,0,2840405,1,15359,2.82'
2020-10-12 10:03:20 INFO BRIDGE EVENT: 'GROUP VOICE,END,RX,XLX359B,1208942592,0,2840405,2,9,2.82'
2020-10-12 10:03:23 INFO BRIDGE EVENT: 'GROUP VOICE,START,RX,XLX359B,3099328512,0,2840235,2,9'
2020-10-12 10:03:23 INFO BRIDGE EVENT: 'GROUP VOICE,START,TX,LOCAL-Simplex,3099328512,0,2840235,2,15359'
2020-10-12 10:03:23 INFO BRIDGE EVENT: 'GROUP VOICE,START,TX,LOCAL-Duplex,3099328512,0,2840235,1,15359'
2020-10-12 10:03:37 INFO BRIDGE EVENT: 'GROUP VOICE,END,TX,LOCAL-Simplex,3099328512,0,2840235,2,15359,14.75'
2020-10-12 10:03:37 INFO BRIDGE EVENT: 'GROUP VOICE,END,TX,LOCAL-Duplex,3099328512,0,2840235,1,15359,14.75'
2020-10-12 10:03:37 INFO BRIDGE EVENT: 'GROUP VOICE,END,RX,XLX359B,3099328512,0,2840235,2,9,14.75'
2020-10-12 10:03:40 INFO BRIDGE EVENT: 'GROUP VOICE,START,RX,XLX359B,1318846464,0,2840405,2,9'
2020-10-12 10:03:40 INFO BRIDGE EVENT: 'GROUP VOICE,START,TX,LOCAL-Simplex,1318846464,0,2840405,2,15359'
2020-10-12 10:03:40 INFO BRIDGE EVENT: 'GROUP VOICE,START,TX,LOCAL-Duplex,1318846464,0,2840405,1,15359'
2020-10-12 10:03:45 INFO BRIDGE EVENT: 'GROUP VOICE,END,TX,LOCAL-Simplex,1318846464,0,2840405,2,15359,4.76'
2020-10-12 10:03:45 INFO BRIDGE EVENT: 'GROUP VOICE,END,TX,LOCAL-Duplex,1318846464,0,2840405,1,15359,4.76'
2020-10-12 10:03:45 INFO BRIDGE EVENT: 'GROUP VOICE,END,RX,XLX359B,1318846464,0,2840405,2,9,4.76'
2020-10-12 10:03:47 INFO BRIDGE EVENT: 'GROUP VOICE,START,RX,XLX359B,4231659520,0,2840235,2,9'
2020-10-12 10:03:47 INFO BRIDGE EVENT: 'GROUP VOICE,START,TX,LOCAL-Simplex,4231659520,0,2840235,2,15359'
2020-10-12 10:03:47 INFO BRIDGE EVENT: 'GROUP VOICE,START,TX,LOCAL-Duplex,4231659520,0,2840235,1,15359'
2020-10-12 10:03:52 INFO BRIDGE EVENT: 'GROUP VOICE,END,TX,LOCAL-Simplex,4231659520,0,2840235,2,15359,4.88'
2020-10-12 10:03:52 INFO BRIDGE EVENT: 'GROUP VOICE,END,TX,LOCAL-Duplex,4231659520,0,2840235,1,15359,4.88'
2020-10-12 10:03:52 INFO BRIDGE EVENT: 'GROUP VOICE,END,RX,XLX359B,4231659520,0,2840235,2,9,4.88'
2020-10-12 10:03:56 INFO BRIDGE EVENT: 'GROUP VOICE,START,RX,XLX359B,1032454144,0,2840405,2,9'
2020-10-12 10:03:56 INFO BRIDGE EVENT: 'GROUP VOICE,START,TX,LOCAL-Simplex,1032454144,0,2840405,2,15359'
2020-10-12 10:03:56 INFO BRIDGE EVENT: 'GROUP VOICE,START,TX,LOCAL-Duplex,1032454144,0,2840405,1,15359'
2020-10-12 10:04:02 INFO BRIDGE EVENT: 'GROUP VOICE,END,TX,LOCAL-Simplex,1032454144,0,2840405,2,15359,5.82'
2020-10-12 10:04:02 INFO BRIDGE EVENT: 'GROUP VOICE,END,TX,LOCAL-Duplex,1032454144,0,2840405,1,15359,5.82'
2020-10-12 10:04:02 INFO BRIDGE EVENT: 'GROUP VOICE,END,RX,XLX359B,1032454144,0,2840405,2,9,5.82'
2020-10-12 10:04:05 INFO BRIDGE EVENT: 'GROUP VOICE,START,RX,XLX359B,2503933952,0,2840235,2,9'
2020-10-12 10:04:05 INFO BRIDGE EVENT: 'GROUP VOICE,START,TX,LOCAL-Simplex,2503933952,0,2840235,2,15359'
2020-10-12 10:04:05 INFO BRIDGE EVENT: 'GROUP VOICE,START,TX,LOCAL-Duplex,2503933952,0,2840235,1,15359'
2020-10-12 10:04:09 INFO BRIDGE EVENT: 'GROUP VOICE,END,TX,LOCAL-Simplex,2503933952,0,2840235,2,15359,4.80'
2020-10-12 10:04:09 INFO BRIDGE EVENT: 'GROUP VOICE,END,TX,LOCAL-Duplex,2503933952,0,2840235,1,15359,4.80'
2020-10-12 10:04:09 INFO BRIDGE EVENT: 'GROUP VOICE,END,RX,XLX359B,2503933952,0,2840235,2,9,4.80'
2020-10-12 10:04:13 INFO BRIDGE EVENT: 'GROUP VOICE,START,RX,XLX359B,1566703616,0,2840405,2,9'
2020-10-12 10:04:13 INFO BRIDGE EVENT: 'GROUP VOICE,START,TX,LOCAL-Simplex,1566703616,0,2840405,2,15359'
2020-10-12 10:04:13 INFO BRIDGE EVENT: 'GROUP VOICE,START,TX,LOCAL-Duplex,1566703616,0,2840405,1,15359'
2020-10-12 10:04:15 INFO BRIDGE EVENT: 'GROUP VOICE,END,TX,LOCAL-Simplex,1566703616,0,2840405,2,15359,1.87'
2020-10-12 10:04:15 INFO BRIDGE EVENT: 'GROUP VOICE,END,TX,LOCAL-Duplex,1566703616,0,2840405,1,15359,1.87'
2020-10-12 10:04:15 INFO BRIDGE EVENT: 'GROUP VOICE,END,RX,XLX359B,1566703616,0,2840405,2,9,1.87'
2020-10-12 10:18:19 INFO BRIDGE EVENT: 'GROUP VOICE,START,RX,HBLinkBgPeer,1944977408,284014270,2840338,1,12'
2020-10-12 10:18:22 INFO BRIDGE EVENT: 'GROUP VOICE,END,RX,HBLinkBgPeer,1944977408,284014270,2840338,1,12,2.52'
2020-10-12 10:18:25 INFO BRIDGE EVENT: 'GROUP VOICE,START,RX,HBLinkBgPeer,4079616000,284014270,2840338,1,12'
2020-10-12 10:18:28 INFO BRIDGE EVENT: 'GROUP VOICE,END,RX,HBLinkBgPeer,4079616000,284014270,2840338,1,12,2.74'
2020-10-12 10:18:34 INFO BRIDGE EVENT: 'GROUP VOICE,START,RX,HBLinkBgPeer,336265216,284014270,2840338,1,12'
2020-10-12 10:18:37 INFO BRIDGE EVENT: 'GROUP VOICE,END,RX,HBLinkBgPeer,336265216,284014270,2840338,1,12,2.82'
2020-10-12 10:18:41 INFO BRIDGE EVENT: 'GROUP VOICE,START,RX,HBLinkBgPeer,2872770560,284014270,2840338,1,12'
2020-10-12 10:18:44 INFO BRIDGE EVENT: 'GROUP VOICE,END,RX,HBLinkBgPeer,2872770560,284014270,2840338,1,12,2.94'
2020-10-12 10:26:26 INFO BRIDGE EVENT: 'GROUP VOICE,START,RX,XLX359B,4018995200,0,2840004,2,9'
2020-10-12 10:26:26 INFO BRIDGE EVENT: 'GROUP VOICE,START,TX,LOCAL-Simplex,4018995200,0,2840004,2,15359'
2020-10-12 10:26:26 INFO BRIDGE EVENT: 'GROUP VOICE,START,TX,LOCAL-Duplex,4018995200,0,2840004,1,15359'
2020-10-12 10:26:28 INFO BRIDGE EVENT: 'GROUP VOICE,END,TX,LOCAL-Simplex,4018995200,0,2840004,2,15359,1.85'
2020-10-12 10:26:28 INFO BRIDGE EVENT: 'GROUP VOICE,END,TX,LOCAL-Duplex,4018995200,0,2840004,1,15359,1.85'
2020-10-12 10:26:28 INFO BRIDGE EVENT: 'GROUP VOICE,END,RX,XLX359B,4018995200,0,2840004,2,9,1.85'
2020-10-12 10:28:51 INFO BRIDGE EVENT: 'GROUP VOICE,START,RX,XLX359B,3105751040,0,2840004,2,9'
2020-10-12 10:28:51 INFO BRIDGE EVENT: 'GROUP VOICE,START,TX,LOCAL-Simplex,3105751040,0,2840004,2,15359'
2020-10-12 10:28:51 INFO BRIDGE EVENT: 'GROUP VOICE,START,TX,LOCAL-Duplex,3105751040,0,2840004,1,15359'
2020-10-12 10:28:54 INFO BRIDGE EVENT: 'GROUP VOICE,END,TX,LOCAL-Simplex,3105751040,0,2840004,2,15359,2.59'
2020-10-12 10:28:54 INFO BRIDGE EVENT: 'GROUP VOICE,END,TX,LOCAL-Duplex,3105751040,0,2840004,1,15359,2.59'
2020-10-12 10:28:54 INFO BRIDGE EVENT: 'GROUP VOICE,END,RX,XLX359B,3105751040,0,2840004,2,9,2.59'
2020-10-12 10:28:59 INFO BRIDGE EVENT: 'GROUP VOICE,START,RX,XLX359B,1794834432,0,2840121,2,9'
2020-10-12 10:28:59 INFO BRIDGE EVENT: 'GROUP VOICE,START,TX,LOCAL-Simplex,1794834432,0,2840121,2,15359'
2020-10-12 10:28:59 INFO BRIDGE EVENT: 'GROUP VOICE,START,TX,LOCAL-Duplex,1794834432,0,2840121,1,15359'
2020-10-12 10:29:04 INFO BRIDGE EVENT: 'GROUP VOICE,END,TX,LOCAL-Simplex,1794834432,0,2840121,2,15359,4.91'
2020-10-12 10:29:04 INFO BRIDGE EVENT: 'GROUP VOICE,END,TX,LOCAL-Duplex,1794834432,0,2840121,1,15359,4.91'
2020-10-12 10:29:17 INFO BRIDGE EVENT: 'GROUP VOICE,START,RX,XLX359B,3433037824,0,2840004,2,9'
2020-10-12 10:29:17 INFO BRIDGE EVENT: 'GROUP VOICE,START,TX,LOCAL-Simplex,3433037824,0,2840004,2,15359'
2020-10-12 10:29:17 INFO BRIDGE EVENT: 'GROUP VOICE,START,TX,LOCAL-Duplex,3433037824,0,2840004,1,15359'
2020-10-12 10:29:19 INFO BRIDGE EVENT: 'GROUP VOICE,END,TX,LOCAL-Simplex,3433037824,0,2840004,2,15359,2.61'
2020-10-12 10:29:19 INFO BRIDGE EVENT: 'GROUP VOICE,END,TX,LOCAL-Duplex,3433037824,0,2840004,1,15359,2.61'
2020-10-12 10:29:19 INFO BRIDGE EVENT: 'GROUP VOICE,END,RX,XLX359B,3433037824,0,2840004,2,9,2.61'
2020-10-12 10:29:21 INFO BRIDGE EVENT: 'GROUP VOICE,START,RX,XLX359B,1226244096,0,2840121,2,9'
2020-10-12 10:29:21 INFO BRIDGE EVENT: 'GROUP VOICE,START,TX,LOCAL-Simplex,1226244096,0,2840121,2,15359'
2020-10-12 10:29:21 INFO BRIDGE EVENT: 'GROUP VOICE,START,TX,LOCAL-Duplex,1226244096,0,2840121,1,15359'
2020-10-12 10:29:27 INFO BRIDGE EVENT: 'GROUP VOICE,END,TX,LOCAL-Simplex,1226244096,0,2840121,2,15359,6.28'
2020-10-12 10:29:27 INFO BRIDGE EVENT: 'GROUP VOICE,END,TX,LOCAL-Duplex,1226244096,0,2840121,1,15359,6.28'
2020-10-12 10:29:27 INFO BRIDGE EVENT: 'GROUP VOICE,END,RX,XLX359B,1226244096,0,2840121,2,9,6.28'
2020-10-12 10:29:36 INFO BRIDGE EVENT: 'GROUP VOICE,START,RX,XLX359B,4291100672,0,2840004,2,9'
2020-10-12 10:29:36 INFO BRIDGE EVENT: 'GROUP VOICE,START,TX,LOCAL-Simplex,4291100672,0,2840004,2,15359'
2020-10-12 10:29:36 INFO BRIDGE EVENT: 'GROUP VOICE,START,TX,LOCAL-Duplex,4291100672,0,2840004,1,15359'
2020-10-12 10:29:44 INFO BRIDGE EVENT: 'GROUP VOICE,END,TX,LOCAL-Simplex,4291100672,0,2840004,2,15359,8.11'
2020-10-12 10:29:44 INFO BRIDGE EVENT: 'GROUP VOICE,END,TX,LOCAL-Duplex,4291100672,0,2840004,1,15359,8.11'
2020-10-12 10:29:47 INFO BRIDGE EVENT: 'GROUP VOICE,START,RX,XLX359B,618790912,0,2840121,2,9'
2020-10-12 10:29:47 INFO BRIDGE EVENT: 'GROUP VOICE,START,TX,LOCAL-Simplex,618790912,0,2840121,2,15359'
2020-10-12 10:29:47 INFO BRIDGE EVENT: 'GROUP VOICE,START,TX,LOCAL-Duplex,618790912,0,2840121,1,15359'
2020-10-12 10:29:49 INFO BRIDGE EVENT: 'GROUP VOICE,END,TX,LOCAL-Simplex,618790912,0,2840121,2,15359,2.42'
2020-10-12 10:29:49 INFO BRIDGE EVENT: 'GROUP VOICE,END,TX,LOCAL-Duplex,618790912,0,2840121,1,15359,2.42'
2020-10-12 10:29:49 INFO BRIDGE EVENT: 'GROUP VOICE,END,RX,XLX359B,618790912,0,2840121,2,9,2.42'
2020-10-12 10:29:51 INFO BRIDGE EVENT: 'GROUP VOICE,START,RX,XLX359B,1582432256,0,2840004,2,9'
2020-10-12 10:29:51 INFO BRIDGE EVENT: 'GROUP VOICE,START,TX,LOCAL-Simplex,1582432256,0,2840004,2,15359'
2020-10-12 10:29:51 INFO BRIDGE EVENT: 'GROUP VOICE,START,TX,LOCAL-Duplex,1582432256,0,2840004,1,15359'
2020-10-12 10:29:55 INFO BRIDGE EVENT: 'GROUP VOICE,END,TX,LOCAL-Simplex,1582432256,0,2840004,2,15359,4.45'
2020-10-12 10:29:55 INFO BRIDGE EVENT: 'GROUP VOICE,END,TX,LOCAL-Duplex,1582432256,0,2840004,1,15359,4.45'
2020-10-12 10:29:55 INFO BRIDGE EVENT: 'GROUP VOICE,END,RX,XLX359B,1582432256,0,2840004,2,9,4.45'
2020-10-12 10:29:57 INFO BRIDGE EVENT: 'GROUP VOICE,START,RX,XLX359B,113901568,0,2840121,2,9'
2020-10-12 10:29:57 INFO BRIDGE EVENT: 'GROUP VOICE,START,TX,LOCAL-Simplex,113901568,0,2840121,2,15359'
2020-10-12 10:29:57 INFO BRIDGE EVENT: 'GROUP VOICE,START,TX,LOCAL-Duplex,113901568,0,2840121,1,15359'
2020-10-12 10:30:05 INFO BRIDGE EVENT: 'GROUP VOICE,END,TX,LOCAL-Simplex,113901568,0,2840121,2,15359,7.94'
2020-10-12 10:30:05 INFO BRIDGE EVENT: 'GROUP VOICE,END,TX,LOCAL-Duplex,113901568,0,2840121,1,15359,7.94'
2020-10-12 10:30:05 INFO BRIDGE EVENT: 'GROUP VOICE,END,RX,XLX359B,113901568,0,2840121,2,9,7.94'
2020-10-12 10:30:10 INFO BRIDGE EVENT: 'GROUP VOICE,START,RX,XLX359B,3969515520,0,2840004,2,9'
2020-10-12 10:30:10 INFO BRIDGE EVENT: 'GROUP VOICE,START,TX,LOCAL-Simplex,3969515520,0,2840004,2,15359'
2020-10-12 10:30:10 INFO BRIDGE EVENT: 'GROUP VOICE,START,TX,LOCAL-Duplex,3969515520,0,2840004,1,15359'
2020-10-12 10:30:13 INFO BRIDGE EVENT: 'GROUP VOICE,END,TX,LOCAL-Simplex,3969515520,0,2840004,2,15359,2.33'
2020-10-12 10:30:13 INFO BRIDGE EVENT: 'GROUP VOICE,END,TX,LOCAL-Duplex,3969515520,0,2840004,1,15359,2.33'
2020-10-12 10:30:13 INFO BRIDGE EVENT: 'GROUP VOICE,END,RX,XLX359B,3969515520,0,2840004,2,9,2.33'
2020-10-12 10:30:18 INFO BRIDGE EVENT: 'GROUP VOICE,START,RX,XLX359B,852885504,0,2840121,2,9'
2020-10-12 10:30:18 INFO BRIDGE EVENT: 'GROUP VOICE,START,TX,LOCAL-Simplex,852885504,0,2840121,2,15359'
2020-10-12 10:30:18 INFO BRIDGE EVENT: 'GROUP VOICE,START,TX,LOCAL-Duplex,852885504,0,2840121,1,15359'
2020-10-12 10:30:25 INFO BRIDGE EVENT: 'GROUP VOICE,END,TX,LOCAL-Simplex,852885504,0,2840121,2,15359,7.40'
2020-10-12 10:30:25 INFO BRIDGE EVENT: 'GROUP VOICE,END,TX,LOCAL-Duplex,852885504,0,2840121,1,15359,7.40'
2020-10-12 10:30:25 INFO BRIDGE EVENT: 'GROUP VOICE,END,RX,XLX359B,852885504,0,2840121,2,9,7.40'
2020-10-12 10:30:33 INFO BRIDGE EVENT: 'GROUP VOICE,START,RX,XLX359B,1957625856,0,2840004,2,9'
2020-10-12 10:30:33 INFO BRIDGE EVENT: 'GROUP VOICE,START,TX,LOCAL-Simplex,1957625856,0,2840004,2,15359'
2020-10-12 10:30:33 INFO BRIDGE EVENT: 'GROUP VOICE,START,TX,LOCAL-Duplex,1957625856,0,2840004,1,15359'
2020-10-12 10:30:37 INFO BRIDGE EVENT: 'GROUP VOICE,END,TX,LOCAL-Simplex,1957625856,0,2840004,2,15359,4.45'
2020-10-12 10:30:37 INFO BRIDGE EVENT: 'GROUP VOICE,END,TX,LOCAL-Duplex,1957625856,0,2840004,1,15359,4.45'
2020-10-12 10:30:37 INFO BRIDGE EVENT: 'GROUP VOICE,END,RX,XLX359B,1957625856,0,2840004,2,9,4.45'
2020-10-12 10:34:21 INFO BRIDGE EVENT: 'GROUP VOICE,START,RX,XLX359B,1354104832,0,2840004,2,9'
2020-10-12 10:34:21 INFO BRIDGE EVENT: 'GROUP VOICE,START,TX,LOCAL-Simplex,1354104832,0,2840004,2,15359'
2020-10-12 10:34:21 INFO BRIDGE EVENT: 'GROUP VOICE,START,TX,LOCAL-Duplex,1354104832,0,2840004,1,15359'
2020-10-12 10:34:23 INFO BRIDGE EVENT: 'GROUP VOICE,END,TX,LOCAL-Simplex,1354104832,0,2840004,2,15359,1.87'
2020-10-12 10:34:23 INFO BRIDGE EVENT: 'GROUP VOICE,END,TX,LOCAL-Duplex,1354104832,0,2840004,1,15359,1.87'
2020-10-12 10:34:23 INFO BRIDGE EVENT: 'GROUP VOICE,END,RX,XLX359B,1354104832,0,2840004,2,9,1.87'
2020-10-12 10:46:24 INFO BRIDGE EVENT: 'GROUP VOICE,START,RX,HBLinkBgPeer,2295922688,284014270,2840338,1,12'
2020-10-12 10:46:26 INFO BRIDGE EVENT: 'GROUP VOICE,END,RX,HBLinkBgPeer,2295922688,284014270,2840338,1,12,2.48'
2020-10-12 10:56:52 INFO BRIDGE EVENT: 'GROUP VOICE,START,RX,HBLinkBgPeer,577110016,284014270,2840338,1,12'
2020-10-12 10:56:54 INFO BRIDGE EVENT: 'GROUP VOICE,END,RX,HBLinkBgPeer,577110016,284014270,2840338,1,12,2.49'
2020-10-12 11:37:44 INFO BRIDGE EVENT: 'GROUP VOICE,START,RX,XLX359B,3994091520,0,2840411,2,9'
2020-10-12 11:37:44 INFO BRIDGE EVENT: 'GROUP VOICE,START,TX,LOCAL-Simplex,3994091520,0,2840411,2,15359'
2020-10-12 11:37:44 INFO BRIDGE EVENT: 'GROUP VOICE,START,TX,LOCAL-Duplex,3994091520,0,2840411,1,15359'
2020-10-12 11:37:44 INFO BRIDGE EVENT: 'GROUP VOICE,END,TX,LOCAL-Simplex,3994091520,0,2840411,2,15359,0.68'
2020-10-12 11:37:44 INFO BRIDGE EVENT: 'GROUP VOICE,END,TX,LOCAL-Duplex,3994091520,0,2840411,1,15359,0.68'
2020-10-12 11:37:44 INFO BRIDGE EVENT: 'GROUP VOICE,END,RX,XLX359B,3994091520,0,2840411,2,9,0.68'
2020-10-12 11:39:18 INFO BRIDGE EVENT: 'GROUP VOICE,START,RX,HBLinkBgPeer,1813446656,284014270,2840338,1,12'
2020-10-12 11:39:21 INFO BRIDGE EVENT: 'GROUP VOICE,END,RX,HBLinkBgPeer,1813446656,284014270,2840338,1,12,2.53'
2020-10-12 12:14:00 INFO BRIDGE EVENT: 'GROUP VOICE,START,RX,HBLinkBgPeer,649199616,284014270,2840338,1,12'
2020-10-12 12:14:04 INFO BRIDGE EVENT: 'GROUP VOICE,END,RX,HBLinkBgPeer,649199616,284014270,2840338,1,12,4.66'
2020-10-12 12:14:24 INFO BRIDGE EVENT: 'GROUP VOICE,START,RX,HBLinkBgPeer,2139488256,284014270,2840338,1,12'
2020-10-12 12:14:26 INFO BRIDGE EVENT: 'GROUP VOICE,END,RX,HBLinkBgPeer,2139488256,284014270,2840338,1,12,2.73'
2020-10-12 12:16:04 INFO BRIDGE EVENT: 'GROUP VOICE,START,RX,HBLinkBgPeer,3440771072,284014270,2840338,1,12'
2020-10-12 12:16:06 INFO BRIDGE EVENT: 'GROUP VOICE,END,RX,HBLinkBgPeer,3440771072,284014270,2840338,1,12,2.48'
2020-10-12 12:16:15 INFO BRIDGE EVENT: 'GROUP VOICE,START,RX,HBLinkBgPeer,808779776,284014270,2840338,1,12'
2020-10-12 12:16:19 INFO BRIDGE EVENT: 'GROUP VOICE,END,RX,HBLinkBgPeer,808779776,284014270,2840338,1,12,4.12'
2020-10-12 12:24:04 INFO BRIDGE EVENT: 'GROUP VOICE,START,RX,HBLinkBgPeer,1348730880,284014270,2840338,1,12'
2020-10-12 12:24:07 INFO BRIDGE EVENT: 'GROUP VOICE,END,RX,HBLinkBgPeer,1348730880,284014270,2840338,1,12,2.52'
2020-10-12 12:27:50 INFO BRIDGE EVENT: 'GROUP VOICE,START,RX,HBLinkBgPeer,1159397376,284014270,2840338,1,12'
2020-10-12 12:27:52 INFO BRIDGE EVENT: 'GROUP VOICE,END,RX,HBLinkBgPeer,1159397376,284014270,2840338,1,12,2.54'
2020-10-12 12:27:53 INFO BRIDGE EVENT: 'GROUP VOICE,START,RX,HBLinkBgPeer,1683816448,284014270,2840338,1,12'
2020-10-12 12:27:56 INFO BRIDGE EVENT: 'GROUP VOICE,END,RX,HBLinkBgPeer,1683816448,284014270,2840338,1,12,2.52'
2020-10-12 12:28:52 INFO BRIDGE EVENT: 'GROUP VOICE,START,RX,HBLinkBgPeer,3480485888,284014270,2840338,1,12'
2020-10-12 12:28:54 INFO BRIDGE EVENT: 'GROUP VOICE,END,RX,HBLinkBgPeer,3480485888,284014270,2840338,1,12,2.52'
2020-10-12 12:29:51 INFO BRIDGE EVENT: 'GROUP VOICE,START,RX,HBLinkBgPeer,4060217344,284014270,2840338,1,12'
2020-10-12 12:29:54 INFO BRIDGE EVENT: 'GROUP VOICE,END,RX,HBLinkBgPeer,4060217344,284014270,2840338,1,12,3.43'
2020-10-12 12:30:02 INFO BRIDGE EVENT: 'GROUP VOICE,START,RX,HBLinkBgPeer,715128832,284014270,2840338,1,12'
2020-10-12 12:30:09 INFO BRIDGE EVENT: 'GROUP VOICE,END,RX,HBLinkBgPeer,715128832,284014270,2840338,1,12,7.13'
2020-10-12 12:31:02 INFO BRIDGE EVENT: 'GROUP VOICE,START,RX,HBLinkBgPeer,488833024,284014270,2840338,1,12'
2020-10-12 12:31:05 INFO BRIDGE EVENT: 'GROUP VOICE,END,RX,HBLinkBgPeer,488833024,284014270,2840338,1,12,3.22'
2020-10-12 12:31:19 INFO BRIDGE EVENT: 'GROUP VOICE,START,RX,HBLinkBgPeer,705953792,284014270,2840338,1,12'
2020-10-12 12:31:24 INFO BRIDGE EVENT: 'GROUP VOICE,END,RX,HBLinkBgPeer,705953792,284014270,2840338,1,12,5.32'
2020-10-12 12:31:40 INFO BRIDGE EVENT: 'GROUP VOICE,START,RX,HBLinkBgPeer,1597112320,284014270,2840338,1,12'
2020-10-12 12:31:47 INFO BRIDGE EVENT: 'GROUP VOICE,END,RX,HBLinkBgPeer,1597112320,284014270,2840338,1,12,6.83'
2020-10-12 12:32:11 INFO BRIDGE EVENT: 'GROUP VOICE,START,RX,HBLinkBgPeer,2778071040,284014270,2840338,1,12'
2020-10-12 12:32:13 INFO BRIDGE EVENT: 'GROUP VOICE,END,RX,HBLinkBgPeer,2778071040,284014270,2840338,1,12,2.52'
2020-10-12 12:32:22 INFO BRIDGE EVENT: 'GROUP VOICE,START,RX,HBLinkBgPeer,3770155008,284014270,2840338,1,12'
2020-10-12 12:32:24 INFO BRIDGE EVENT: 'GROUP VOICE,END,RX,HBLinkBgPeer,3770155008,284014270,2840338,1,12,2.52'
2020-10-12 12:32:27 INFO BRIDGE EVENT: 'GROUP VOICE,START,RX,HBLinkBgPeer,3965059072,284014270,2840338,1,12'
2020-10-12 12:32:30 INFO BRIDGE EVENT: 'GROUP VOICE,END,RX,HBLinkBgPeer,3965059072,284014270,2840338,1,12,2.50'
2020-10-12 12:32:41 INFO BRIDGE EVENT: 'GROUP VOICE,START,RX,HBLinkBgPeer,1654259712,284014270,2840338,1,12'
2020-10-12 12:32:48 INFO BRIDGE EVENT: 'GROUP VOICE,END,RX,HBLinkBgPeer,1654259712,284014270,2840338,1,12,7.26'
2020-10-12 12:33:19 INFO BRIDGE EVENT: 'GROUP VOICE,START,RX,XLX359B,3641638912,0,2840121,2,9'
2020-10-12 12:33:19 INFO BRIDGE EVENT: 'GROUP VOICE,START,TX,LOCAL-Simplex,3641638912,0,2840121,2,15359'
2020-10-12 12:33:19 INFO BRIDGE EVENT: 'GROUP VOICE,START,TX,LOCAL-Duplex,3641638912,0,2840121,1,15359'
2020-10-12 12:33:21 INFO BRIDGE EVENT: 'GROUP VOICE,END,TX,LOCAL-Simplex,3641638912,0,2840121,2,15359,2.80'
2020-10-12 12:33:21 INFO BRIDGE EVENT: 'GROUP VOICE,END,TX,LOCAL-Duplex,3641638912,0,2840121,1,15359,2.80'
2020-10-12 12:33:21 INFO BRIDGE EVENT: 'GROUP VOICE,END,RX,XLX359B,3641638912,0,2840121,2,9,2.80'
2020-10-12 12:33:25 INFO BRIDGE EVENT: 'GROUP VOICE,START,RX,HBLinkBgPeer,2035548160,284014270,2840338,1,12'
2020-10-12 12:33:29 INFO BRIDGE EVENT: 'GROUP VOICE,END,RX,HBLinkBgPeer,2035548160,284014270,2840338,1,12,4.18'
2020-10-12 12:35:25 INFO BRIDGE EVENT: 'GROUP VOICE,START,RX,HBLinkBgPeer,2585329664,284014270,2840338,1,12'
2020-10-12 12:35:28 INFO BRIDGE EVENT: 'GROUP VOICE,END,RX,HBLinkBgPeer,2585329664,284014270,2840338,1,12,2.50'
2020-10-12 12:38:20 INFO BRIDGE EVENT: 'GROUP VOICE,START,RX,HBLinkBgPeer,3480551424,284014270,2840338,1,12'
2020-10-12 12:38:23 INFO BRIDGE EVENT: 'GROUP VOICE,END,RX,HBLinkBgPeer,3480551424,284014270,2840338,1,12,2.50'
2020-10-12 12:42:49 INFO BRIDGE EVENT: 'GROUP VOICE,START,RX,HBLinkBgPeer,397803520,284014270,2840338,1,12'
2020-10-12 12:42:51 INFO BRIDGE EVENT: 'GROUP VOICE,END,RX,HBLinkBgPeer,397803520,284014270,2840338,1,12,2.55'
2020-10-12 12:43:57 INFO BRIDGE EVENT: 'GROUP VOICE,START,RX,HBLinkBgPeer,386531328,284014270,2840338,1,12'
2020-10-12 12:44:00 INFO BRIDGE EVENT: 'GROUP VOICE,END,RX,HBLinkBgPeer,386531328,284014270,2840338,1,12,2.53'
2020-10-12 12:44:02 INFO BRIDGE EVENT: 'GROUP VOICE,START,RX,HBLinkBgPeer,3787456512,284014270,2840338,1,12'
2020-10-12 12:44:05 INFO BRIDGE EVENT: 'GROUP VOICE,END,RX,HBLinkBgPeer,3787456512,284014270,2840338,1,12,2.49'
2020-10-12 12:44:12 INFO BRIDGE EVENT: 'GROUP VOICE,START,RX,HBLinkBgPeer,4217438208,284014270,2840338,1,12'
2020-10-12 12:44:15 INFO BRIDGE EVENT: 'GROUP VOICE,END,RX,HBLinkBgPeer,4217438208,284014270,2840338,1,12,2.55'
2020-10-12 12:44:16 INFO BRIDGE EVENT: 'GROUP VOICE,START,RX,HBLinkBgPeer,2314731520,284014270,2840338,1,12'
2020-10-12 12:44:19 INFO BRIDGE EVENT: 'GROUP VOICE,END,RX,HBLinkBgPeer,2314731520,284014270,2840338,1,12,3.59'
2020-10-12 12:44:23 INFO BRIDGE EVENT: 'GROUP VOICE,START,RX,HBLinkBgPeer,3555393536,284014270,2840338,1,12'
2020-10-12 12:44:28 INFO BRIDGE EVENT: 'GROUP VOICE,END,RX,HBLinkBgPeer,3555393536,284014270,2840338,1,12,5.64'
2020-10-12 12:45:25 INFO BRIDGE EVENT: 'GROUP VOICE,START,RX,HBLinkBgPeer,258801664,284014270,2840338,1,12'
2020-10-12 12:45:27 INFO BRIDGE EVENT: 'GROUP VOICE,END,RX,HBLinkBgPeer,258801664,284014270,2840338,1,12,2.57'
2020-10-12 12:49:24 INFO BRIDGE EVENT: 'GROUP VOICE,START,RX,HBLinkBgPeer,859045888,284014270,2840338,1,12'
2020-10-12 12:49:27 INFO BRIDGE EVENT: 'GROUP VOICE,END,RX,HBLinkBgPeer,859045888,284014270,2840338,1,12,2.53'
2020-10-12 12:51:12 INFO BRIDGE EVENT: 'GROUP VOICE,START,RX,HBLinkBgPeer,1522860032,284014270,2840338,1,12'
2020-10-12 12:51:15 INFO BRIDGE EVENT: 'GROUP VOICE,END,RX,HBLinkBgPeer,1522860032,284014270,2840338,1,12,2.70'
2020-10-12 12:52:13 INFO BRIDGE EVENT: 'GROUP VOICE,START,RX,HBLinkBgPeer,819134464,284014270,2840338,1,12'
2020-10-12 12:52:16 INFO BRIDGE EVENT: 'GROUP VOICE,END,RX,HBLinkBgPeer,819134464,284014270,2840338,1,12,2.54'
2020-10-12 12:52:23 INFO BRIDGE EVENT: 'GROUP VOICE,START,RX,HBLinkBgPeer,2672492544,284014270,2840338,1,12'
2020-10-12 12:52:26 INFO BRIDGE EVENT: 'GROUP VOICE,END,RX,HBLinkBgPeer,2672492544,284014270,2840338,1,12,3.32'
2020-10-12 12:52:36 INFO BRIDGE EVENT: 'GROUP VOICE,START,RX,HBLinkBgPeer,2138505216,284014270,2840338,1,12'
2020-10-12 12:52:39 INFO BRIDGE EVENT: 'GROUP VOICE,END,RX,HBLinkBgPeer,2138505216,284014270,2840338,1,12,2.57'
2020-10-12 12:53:09 INFO BRIDGE EVENT: 'GROUP VOICE,START,RX,HBLinkBgPeer,2941845504,284014270,2840338,1,12'
2020-10-12 12:53:20 INFO BRIDGE EVENT: 'GROUP VOICE,END,RX,HBLinkBgPeer,2941845504,284014270,2840338,1,12,10.86'
2020-10-12 12:53:28 INFO BRIDGE EVENT: 'GROUP VOICE,START,RX,HBLinkBgPeer,1801584640,284014270,2840338,1,12'
2020-10-12 12:53:35 INFO BRIDGE EVENT: 'GROUP VOICE,END,RX,HBLinkBgPeer,1801584640,284014270,2840338,1,12,6.74'
2020-10-12 12:53:39 INFO BRIDGE EVENT: 'GROUP VOICE,START,RX,HBLinkBgPeer,2930507776,284014270,2840338,1,12'
2020-10-12 12:54:11 INFO BRIDGE EVENT: 'GROUP VOICE,END,RX,HBLinkBgPeer,2930507776,284014270,2840338,1,12,32.27'
2020-10-12 12:54:17 INFO BRIDGE EVENT: 'GROUP VOICE,START,RX,HBLinkBgPeer,4273799168,284014270,2840338,1,12'
2020-10-12 12:54:23 INFO BRIDGE EVENT: 'GROUP VOICE,END,RX,HBLinkBgPeer,4273799168,284014270,2840338,1,12,6.06'
2020-10-12 12:54:29 INFO BRIDGE EVENT: 'GROUP VOICE,START,RX,HBLinkBgPeer,302645248,284014270,2840338,1,12'
2020-10-12 12:54:41 INFO BRIDGE EVENT: 'GROUP VOICE,END,RX,HBLinkBgPeer,302645248,284014270,2840338,1,12,12.86'
2020-10-12 12:54:47 INFO BRIDGE EVENT: 'GROUP VOICE,START,RX,HBLinkBgPeer,3425828864,284014270,2840338,1,12'
2020-10-12 12:55:29 INFO BRIDGE EVENT: 'GROUP VOICE,END,RX,HBLinkBgPeer,3425828864,284014270,2840338,1,12,42.08'
2020-10-12 12:55:35 INFO BRIDGE EVENT: 'GROUP VOICE,START,RX,HBLinkBgPeer,2692743168,284014270,2840338,1,12'
2020-10-12 12:55:57 INFO BRIDGE EVENT: 'GROUP VOICE,END,RX,HBLinkBgPeer,2692743168,284014270,2840338,1,12,21.36'
2020-10-12 12:56:09 INFO BRIDGE EVENT: 'GROUP VOICE,START,RX,HBLinkBgPeer,3914661888,284014270,2840338,1,12'
2020-10-12 12:56:43 INFO BRIDGE EVENT: 'GROUP VOICE,END,RX,HBLinkBgPeer,3914661888,284014270,2840338,1,12,33.91'
2020-10-12 12:56:51 INFO BRIDGE EVENT: 'GROUP VOICE,START,RX,HBLinkBgPeer,3381919744,284014270,2840338,1,12'
2020-10-12 12:57:04 INFO BRIDGE EVENT: 'GROUP VOICE,END,RX,HBLinkBgPeer,3381919744,284014270,2840338,1,12,12.79'
2020-10-12 12:57:17 INFO BRIDGE EVENT: 'GROUP VOICE,START,RX,HBLinkBgPeer,2381053952,284014270,2840338,1,12'
2020-10-12 12:57:21 INFO BRIDGE EVENT: 'GROUP VOICE,END,RX,HBLinkBgPeer,2381053952,284014270,2840338,1,12,4.11'
2020-10-12 12:57:34 INFO BRIDGE EVENT: 'GROUP VOICE,START,RX,HBLinkBgPeer,2217934848,284014270,2840338,1,12'
2020-10-12 12:57:44 INFO BRIDGE EVENT: 'GROUP VOICE,END,RX,HBLinkBgPeer,2217934848,284014270,2840338,1,12,9.94'
2020-10-12 12:57:50 INFO BRIDGE EVENT: 'GROUP VOICE,START,RX,HBLinkBgPeer,4018536448,284014270,2840338,1,12'
2020-10-12 12:59:00 INFO BRIDGE EVENT: 'GROUP VOICE,END,RX,HBLinkBgPeer,4018536448,284014270,2840338,1,12,70.17'
2020-10-12 12:59:07 INFO BRIDGE EVENT: 'GROUP VOICE,START,RX,HBLinkBgPeer,564264960,284014270,2840338,1,12'
2020-10-12 12:59:20 INFO BRIDGE EVENT: 'GROUP VOICE,END,RX,HBLinkBgPeer,564264960,284014270,2840338,1,12,13.38'
2020-10-12 12:59:27 INFO BRIDGE EVENT: 'GROUP VOICE,START,RX,HBLinkBgPeer,491585536,284014270,2840338,1,12'
2020-10-12 12:59:51 INFO BRIDGE EVENT: 'GROUP VOICE,END,RX,HBLinkBgPeer,491585536,284014270,2840338,1,12,24.21'
2020-10-12 13:00:17 INFO BRIDGE EVENT: 'GROUP VOICE,START,RX,HBLinkBgPeer,928514048,284014270,2840338,1,12'
2020-10-12 13:00:21 INFO BRIDGE EVENT: 'GROUP VOICE,END,RX,HBLinkBgPeer,928514048,284014270,2840338,1,12,3.87'
2020-10-12 13:00:30 INFO BRIDGE EVENT: 'GROUP VOICE,START,RX,HBLinkBgPeer,861339648,284014270,2840338,1,12'
2020-10-12 13:00:53 INFO BRIDGE EVENT: 'GROUP VOICE,END,RX,HBLinkBgPeer,861339648,284014270,2840338,1,12,23.68'
2020-10-12 13:01:20 INFO BRIDGE EVENT: 'GROUP VOICE,START,RX,HBLinkBgPeer,851050496,284014270,2840338,1,12'
2020-10-12 13:01:32 INFO BRIDGE EVENT: 'GROUP VOICE,END,RX,HBLinkBgPeer,851050496,284014270,2840338,1,12,11.92'
2020-10-12 13:01:36 INFO BRIDGE EVENT: 'GROUP VOICE,START,RX,HBLinkBgPeer,3159293952,284014270,2840338,1,12'
2020-10-12 13:02:21 INFO BRIDGE EVENT: 'GROUP VOICE,END,RX,HBLinkBgPeer,3159293952,284014270,2840338,1,12,44.76'
2020-10-12 13:02:34 INFO BRIDGE EVENT: 'GROUP VOICE,START,RX,HBLinkBgPeer,1076297728,284014270,2840338,1,12'
2020-10-12 13:03:28 INFO BRIDGE EVENT: 'GROUP VOICE,END,RX,HBLinkBgPeer,1076297728,284014270,2840338,1,12,53.85'
2020-10-12 13:03:31 INFO BRIDGE EVENT: 'GROUP VOICE,START,RX,HBLinkBgPeer,4001562624,284014270,2840338,1,12'
2020-10-12 13:03:34 INFO BRIDGE EVENT: 'GROUP VOICE,END,RX,HBLinkBgPeer,4001562624,284014270,2840338,1,12,2.49'
2020-10-12 13:03:36 INFO BRIDGE EVENT: 'GROUP VOICE,START,RX,HBLinkBgPeer,3379429376,284014270,2840338,1,12'
2020-10-12 13:03:58 INFO BRIDGE EVENT: 'GROUP VOICE,END,RX,HBLinkBgPeer,3379429376,284014270,2840338,1,12,21.56'
2020-10-12 13:04:01 INFO BRIDGE EVENT: 'GROUP VOICE,START,RX,HBLinkBgPeer,2362376192,284014270,2840338,1,12'
2020-10-12 13:04:06 INFO BRIDGE EVENT: 'GROUP VOICE,END,RX,HBLinkBgPeer,2362376192,284014270,2840338,1,12,5.11'
2020-10-12 13:04:13 INFO BRIDGE EVENT: 'GROUP VOICE,START,RX,HBLinkBgPeer,1206255616,284014270,2840338,1,12'
2020-10-12 13:04:53 INFO BRIDGE EVENT: 'GROUP VOICE,END,RX,HBLinkBgPeer,1206255616,284014270,2840338,1,12,39.90'
2020-10-12 13:04:58 INFO BRIDGE EVENT: 'GROUP VOICE,START,RX,HBLinkBgPeer,4147183616,284014270,2840338,1,12'
2020-10-12 13:05:40 INFO BRIDGE EVENT: 'GROUP VOICE,END,RX,HBLinkBgPeer,4147183616,284014270,2840338,1,12,41.35'
2020-10-12 13:05:41 INFO BRIDGE EVENT: 'GROUP VOICE,START,RX,HBLinkBgPeer,4119986176,284014270,2840338,1,12'
2020-10-12 13:05:48 INFO BRIDGE EVENT: 'GROUP VOICE,END,RX,HBLinkBgPeer,4119986176,284014270,2840338,1,12,6.73'
2020-10-12 13:05:53 INFO BRIDGE EVENT: 'GROUP VOICE,START,RX,HBLinkBgPeer,454164480,284014270,2840338,1,12'
2020-10-12 13:06:54 INFO BRIDGE EVENT: 'GROUP VOICE,END,RX,HBLinkBgPeer,454164480,284014270,2840338,1,12,61.13'
2020-10-12 13:06:57 INFO BRIDGE EVENT: 'GROUP VOICE,START,RX,HBLinkBgPeer,2779709440,284014270,2840338,1,12'
2020-10-12 13:07:34 INFO BRIDGE EVENT: 'GROUP VOICE,END,RX,HBLinkBgPeer,2779709440,284014270,2840338,1,12,36.30'
2020-10-12 13:08:01 INFO BRIDGE EVENT: 'GROUP VOICE,START,RX,HBLinkBgPeer,3863216128,284014270,2840338,1,12'
2020-10-12 13:08:47 INFO BRIDGE EVENT: 'GROUP VOICE,END,RX,HBLinkBgPeer,3863216128,284014270,2840338,1,12,45.91'
2020-10-12 13:08:51 INFO BRIDGE EVENT: 'GROUP VOICE,START,RX,HBLinkBgPeer,1160773632,284014270,2840338,1,12'
2020-10-12 13:09:41 INFO BRIDGE EVENT: 'GROUP VOICE,END,RX,HBLinkBgPeer,1160773632,284014270,2840338,1,12,49.53'
2020-10-12 13:09:47 INFO BRIDGE EVENT: 'GROUP VOICE,START,RX,HBLinkBgPeer,1078394880,284014270,2840338,1,12'
2020-10-12 13:10:53 INFO BRIDGE EVENT: 'GROUP VOICE,END,RX,HBLinkBgPeer,1078394880,284014270,2840338,1,12,66.18'
2020-10-12 13:11:00 INFO BRIDGE EVENT: 'GROUP VOICE,START,RX,HBLinkBgPeer,231014400,284014270,2840338,1,12'
2020-10-12 13:11:47 INFO BRIDGE EVENT: 'GROUP VOICE,END,RX,HBLinkBgPeer,231014400,284014270,2840338,1,12,46.72'
2020-10-12 13:11:52 INFO BRIDGE EVENT: 'GROUP VOICE,START,RX,HBLinkBgPeer,3626172416,284014270,2840338,1,12'
2020-10-12 13:12:28 INFO BRIDGE EVENT: 'GROUP VOICE,END,RX,HBLinkBgPeer,3626172416,284014270,2840338,1,12,35.55'
2020-10-12 13:12:33 INFO BRIDGE EVENT: 'GROUP VOICE,START,RX,HBLinkBgPeer,1535574016,284014270,2840338,1,12'
2020-10-12 13:12:49 INFO BRIDGE EVENT: 'GROUP VOICE,END,RX,HBLinkBgPeer,1535574016,284014270,2840338,1,12,16.12'
2020-10-12 13:12:54 INFO BRIDGE EVENT: 'GROUP VOICE,START,RX,HBLinkBgPeer,3037855744,284014270,2840338,1,12'
2020-10-12 13:13:49 INFO BRIDGE EVENT: 'GROUP VOICE,END,RX,HBLinkBgPeer,3037855744,284014270,2840338,1,12,54.92'
2020-10-12 13:13:54 INFO BRIDGE EVENT: 'GROUP VOICE,START,RX,HBLinkBgPeer,1532428288,284014270,2840338,1,12'
2020-10-12 13:14:14 INFO BRIDGE EVENT: 'GROUP VOICE,END,RX,HBLinkBgPeer,1532428288,284014270,2840338,1,12,19.42'
2020-10-12 13:14:25 INFO BRIDGE EVENT: 'GROUP VOICE,START,RX,HBLinkBgPeer,3585343488,284014270,2840338,1,12'
2020-10-12 13:14:34 INFO BRIDGE EVENT: 'GROUP VOICE,END,RX,HBLinkBgPeer,3585343488,284014270,2840338,1,12,8.72'
2020-10-12 13:14:48 INFO BRIDGE EVENT: 'GROUP VOICE,START,RX,HBLinkBgPeer,84606976,284014270,2840338,1,12'
2020-10-12 13:15:02 INFO BRIDGE EVENT: 'GROUP VOICE,END,RX,HBLinkBgPeer,84606976,284014270,2840338,1,12,13.73'
2020-10-12 13:15:03 INFO BRIDGE EVENT: 'GROUP VOICE,START,RX,HBLinkBgPeer,185401344,284014270,2840338,1,12'
2020-10-12 13:15:52 INFO BRIDGE EVENT: 'GROUP VOICE,END,RX,HBLinkBgPeer,185401344,284014270,2840338,1,12,49.47'
2020-10-12 13:15:57 INFO BRIDGE EVENT: 'GROUP VOICE,START,RX,HBLinkBgPeer,2868576256,284014270,2840338,1,12'
2020-10-12 13:16:15 INFO BRIDGE EVENT: 'GROUP VOICE,END,RX,HBLinkBgPeer,2868576256,284014270,2840338,1,12,18.78'
2020-10-12 13:16:48 INFO BRIDGE EVENT: 'GROUP VOICE,START,RX,HBLinkBgPeer,1019674624,284014270,2840338,1,12'
2020-10-12 13:16:53 INFO BRIDGE EVENT: 'GROUP VOICE,END,RX,HBLinkBgPeer,1019674624,284014270,2840338,1,12,4.88'
2020-10-12 13:16:54 INFO BRIDGE EVENT: 'GROUP VOICE,START,RX,HBLinkBgPeer,1699414016,284014270,2840338,1,12'
2020-10-12 13:17:33 INFO BRIDGE EVENT: 'GROUP VOICE,END,RX,HBLinkBgPeer,1699414016,284014270,2840338,1,12,38.77'
2020-10-12 13:18:35 INFO BRIDGE EVENT: 'GROUP VOICE,START,RX,HBLinkBgPeer,2079195136,284014270,2840338,1,12'
2020-10-12 13:18:55 INFO BRIDGE EVENT: 'GROUP VOICE,END,RX,HBLinkBgPeer,2079195136,284014270,2840338,1,12,19.87'
2020-10-12 13:19:03 INFO BRIDGE EVENT: 'GROUP VOICE,START,RX,HBLinkBgPeer,1406074880,284014270,2840338,1,12'
2020-10-12 13:19:31 INFO BRIDGE EVENT: 'GROUP VOICE,END,RX,HBLinkBgPeer,1406074880,284014270,2840338,1,12,28.22'
2020-10-12 13:19:32 INFO BRIDGE EVENT: 'GROUP VOICE,START,RX,HBLinkBgPeer,3621781504,284014270,2840338,1,12'
2020-10-12 13:20:53 INFO BRIDGE EVENT: 'GROUP VOICE,END,RX,HBLinkBgPeer,3621781504,284014270,2840338,1,12,81.05'
2020-10-12 13:22:15 INFO BRIDGE EVENT: 'GROUP VOICE,START,RX,HBLinkBgPeer,3734896640,284014270,2840338,1,12'
2020-10-12 13:23:55 INFO BRIDGE EVENT: 'GROUP VOICE,END,RX,HBLinkBgPeer,3734896640,284014270,2840338,1,12,100.30'
2020-10-12 14:48:30 INFO monitor.py starting up
2020-10-12 14:48:30 INFO 

	Copyright (c) 2016, 2017, 2018, 2019
	The Regents of the K0USY Group. All rights reserved.

	Python 3 port:
	2019 Steve Miller, KC1AWV <smiller@kc1awv.net>

	Version by:	 SP2ONG 2019-2020


2020-10-12 14:48:30 INFO ID ALIAS MAPPER: 'peer_ids.json' is current, not downloaded
2020-10-12 14:48:30 INFO ID ALIAS MAPPER: 'subscriber_ids.json' is current, not downloaded
2020-10-12 14:48:30 INFO ID ALIAS MAPPER: peer_ids dictionary is available
2020-10-12 14:48:34 INFO ID ALIAS MAPPER: subscriber_ids dictionary is available
2020-10-12 14:48:34 INFO ID ALIAS MAPPER: talkgroup_ids dictionary is available
2020-10-12 14:48:34 INFO ID ALIAS MAPPER: local_subscriber_ids added to subscriber_ids dictionary
2020-10-12 14:48:34 INFO ID ALIAS MAPPER: local_peer_ids added peer_ids dictionary
2020-10-12 14:48:35 INFO reportClient object for connecting to HBlink.py created at: <__main__.reportClientFactory object at 0x75384830>
2020-10-12 14:48:35 INFO Initiating Connection to Server.
2020-10-12 14:48:35 INFO Connected.
2020-10-12 14:48:35 INFO Resetting reconnection delay
2020-10-12 14:49:33 INFO static website requested: <Request at 0x7524ab50 method=GET uri=/ clientproto=HTTP/1.1>
2020-10-12 14:49:34 INFO static website requested: <Request at 0x7524ab50 method=GET uri=/favicon.ico clientproto=HTTP/1.1>
2020-10-12 14:49:34 INFO Client connecting: tcp4:192.168.1.125:37474
2020-10-12 14:49:34 INFO WebSocket connection open.
2020-10-12 14:49:34 INFO registered client tcp4:192.168.1.125:37474
2020-10-12 15:08:57 INFO WebSocket connection closed: None
2020-10-12 15:08:57 INFO unregistered client tcp4:192.168.1.125:37474
